{
  "0 debug pnpm:scope": {
    "selected": 1
  },
  "1 error pnpm": {
    "code": "ELIFECYCLE",
    "errno": "ENOENT",
    "syscall": "spawn",
    "file": "sh",
    "pkgid": "01-github-explorer@1.0.0",
    "stage": "dev",
    "script": "webpack serve",
    "pkgname": "01-github-explorer",
    "err": {
      "name": "pnpm",
      "message": "01-github-explorer@1.0.0 dev: `webpack serve`\nspawn ENOENT",
      "code": "ELIFECYCLE",
      "stack": "pnpm: 01-github-explorer@1.0.0 dev: `webpack serve`\nspawn ENOENT\n    at ChildProcess.<anonymous> (/home/junkajii/.asdf/installs/nodejs/16.13.2/.npm/pnpm-global/5/node_modules/.pnpm/pnpm@6.29.1/node_modules/pnpm/dist/pnpm.cjs:92187:22)\n    at ChildProcess.emit (node:events:390:28)\n    at maybeClose (node:internal/child_process:1064:16)\n    at Process.ChildProcess._handle.onexit (node:internal/child_process:301:5)"
    }
  }
}